<?xml version="1.0" encoding="utf-8"?>
<TestRun id="cb0b096a-3954-4949-ad24-5016d42a6e0e" name="@MaheshPesaniMBP 2020-05-24 23:02:11" xmlns="http://microsoft.com/schemas/VisualStudio/TeamTest/2010">
  <Times creation="2020-05-24T23:02:11.6603340-04:00" queuing="2020-05-24T23:02:11.6603340-04:00" start="2020-05-24T23:02:10.9545200-04:00" finish="2020-05-24T23:02:11.6762910-04:00" />
  <TestSettings name="default" id="83d8dea9-67bf-4382-af10-0ac2a9308828">
    <Deployment runDeploymentRoot="_MaheshPesaniMBP_2020-05-24_23_02_11" />
  </TestSettings>
  <Results>
    <UnitTestResult executionId="2405784b-6aa1-4824-8472-fd82e6903bbf" testId="8158b57c-2d66-8b32-96cb-f229ab2b8992" testName="FetchOnlyRequestedGameRegion(&quot;Andromeda&quot;)" computerName="MaheshPesaniMBP" duration="00:00:00.0011730" startTime="2020-05-24T23:02:11.0000000-04:00" endTime="2020-05-24T23:02:11.0000000-04:00" testType="13cdc9d9-ddb5-4fa4-a97d-d965ccfc6d4b" outcome="Passed" testListId="8c84fa94-04c1-424b-9868-57a2d4851a1d" relativeResultsDirectory="2405784b-6aa1-4824-8472-fd82e6903bbf" />
    <UnitTestResult executionId="e3c429fd-62d8-4ee1-989b-9c3453508dd9" testId="e6aa1db8-79bb-5f9e-f506-6e6015603603" testName="FetchOnlyRequestedGameRegion(&quot;Pinwheel&quot;)" computerName="MaheshPesaniMBP" duration="00:00:00.0009900" startTime="2020-05-24T23:02:11.0000000-04:00" endTime="2020-05-24T23:02:11.0000000-04:00" testType="13cdc9d9-ddb5-4fa4-a97d-d965ccfc6d4b" outcome="Passed" testListId="8c84fa94-04c1-424b-9868-57a2d4851a1d" relativeResultsDirectory="e3c429fd-62d8-4ee1-989b-9c3453508dd9" />
    <UnitTestResult executionId="b3509f0f-225f-47a9-b007-fca08de29f80" testId="dd69ca11-8574-49f6-142c-a0d7db5e68b0" testName="FetchOnlyRequestedGameRegion(&quot;NGC 1300&quot;)" computerName="MaheshPesaniMBP" duration="00:00:00.0009780" startTime="2020-05-24T23:02:11.0000000-04:00" endTime="2020-05-24T23:02:11.0000000-04:00" testType="13cdc9d9-ddb5-4fa4-a97d-d965ccfc6d4b" outcome="Passed" testListId="8c84fa94-04c1-424b-9868-57a2d4851a1d" relativeResultsDirectory="b3509f0f-225f-47a9-b007-fca08de29f80" />
    <UnitTestResult executionId="232e113d-7d6e-41f4-952a-48b8eb1c4e09" testId="71b55203-9f41-f140-7b8a-b173669f83d5" testName="FetchOnlyRequestedGameRegion(&quot;Messier 82&quot;)" computerName="MaheshPesaniMBP" duration="00:00:00.0009720" startTime="2020-05-24T23:02:11.0000000-04:00" endTime="2020-05-24T23:02:11.0000000-04:00" testType="13cdc9d9-ddb5-4fa4-a97d-d965ccfc6d4b" outcome="Passed" testListId="8c84fa94-04c1-424b-9868-57a2d4851a1d" relativeResultsDirectory="232e113d-7d6e-41f4-952a-48b8eb1c4e09" />
    <UnitTestResult executionId="88b998cb-1a3a-40d2-8f02-808e98186371" testId="a665ae80-d9ef-3d21-de02-f9894a2373ef" testName="FetchOnlyRequestedGameRegion(&quot;Milky Way&quot;)" computerName="MaheshPesaniMBP" duration="00:00:00.0206160" startTime="2020-05-24T23:02:11.0000000-04:00" endTime="2020-05-24T23:02:11.0000000-04:00" testType="13cdc9d9-ddb5-4fa4-a97d-d965ccfc6d4b" outcome="Passed" testListId="8c84fa94-04c1-424b-9868-57a2d4851a1d" relativeResultsDirectory="88b998cb-1a3a-40d2-8f02-808e98186371" />
  </Results>
  <TestDefinitions>
    <UnitTest name="FetchOnlyRequestedGameRegion(&quot;Milky Way&quot;)" storage="/users/maheshpesani 1/documents/mp/projects/github/tailspin-spacegame-web/tailspin.spacegame.web.tests/bin/release/netcoreapp3.1/tailspin.spacegame.web.tests.dll" id="a665ae80-d9ef-3d21-de02-f9894a2373ef">
      <Execution id="88b998cb-1a3a-40d2-8f02-808e98186371" />
      <TestMethod codeBase="/Users/MaheshPesani 1/Documents/MP/Projects/GitHub/tailspin-spacegame-web/Tailspin.SpaceGame.Web.Tests/bin/Release/netcoreapp3.1/Tailspin.SpaceGame.Web.Tests.dll" adapterTypeName="executor://nunit3testexecutor/" className="Tests.DocumentDBRepository_GetItemsAsyncShould" name="FetchOnlyRequestedGameRegion(&quot;Milky Way&quot;)" />
    </UnitTest>
    <UnitTest name="FetchOnlyRequestedGameRegion(&quot;NGC 1300&quot;)" storage="/users/maheshpesani 1/documents/mp/projects/github/tailspin-spacegame-web/tailspin.spacegame.web.tests/bin/release/netcoreapp3.1/tailspin.spacegame.web.tests.dll" id="dd69ca11-8574-49f6-142c-a0d7db5e68b0">
      <Execution id="b3509f0f-225f-47a9-b007-fca08de29f80" />
      <TestMethod codeBase="/Users/MaheshPesani 1/Documents/MP/Projects/GitHub/tailspin-spacegame-web/Tailspin.SpaceGame.Web.Tests/bin/Release/netcoreapp3.1/Tailspin.SpaceGame.Web.Tests.dll" adapterTypeName="executor://nunit3testexecutor/" className="Tests.DocumentDBRepository_GetItemsAsyncShould" name="FetchOnlyRequestedGameRegion(&quot;NGC 1300&quot;)" />
    </UnitTest>
    <UnitTest name="FetchOnlyRequestedGameRegion(&quot;Messier 82&quot;)" storage="/users/maheshpesani 1/documents/mp/projects/github/tailspin-spacegame-web/tailspin.spacegame.web.tests/bin/release/netcoreapp3.1/tailspin.spacegame.web.tests.dll" id="71b55203-9f41-f140-7b8a-b173669f83d5">
      <Execution id="232e113d-7d6e-41f4-952a-48b8eb1c4e09" />
      <TestMethod codeBase="/Users/MaheshPesani 1/Documents/MP/Projects/GitHub/tailspin-spacegame-web/Tailspin.SpaceGame.Web.Tests/bin/Release/netcoreapp3.1/Tailspin.SpaceGame.Web.Tests.dll" adapterTypeName="executor://nunit3testexecutor/" className="Tests.DocumentDBRepository_GetItemsAsyncShould" name="FetchOnlyRequestedGameRegion(&quot;Messier 82&quot;)" />
    </UnitTest>
    <UnitTest name="FetchOnlyRequestedGameRegion(&quot;Pinwheel&quot;)" storage="/users/maheshpesani 1/documents/mp/projects/github/tailspin-spacegame-web/tailspin.spacegame.web.tests/bin/release/netcoreapp3.1/tailspin.spacegame.web.tests.dll" id="e6aa1db8-79bb-5f9e-f506-6e6015603603">
      <Execution id="e3c429fd-62d8-4ee1-989b-9c3453508dd9" />
      <TestMethod codeBase="/Users/MaheshPesani 1/Documents/MP/Projects/GitHub/tailspin-spacegame-web/Tailspin.SpaceGame.Web.Tests/bin/Release/netcoreapp3.1/Tailspin.SpaceGame.Web.Tests.dll" adapterTypeName="executor://nunit3testexecutor/" className="Tests.DocumentDBRepository_GetItemsAsyncShould" name="FetchOnlyRequestedGameRegion(&quot;Pinwheel&quot;)" />
    </UnitTest>
    <UnitTest name="FetchOnlyRequestedGameRegion(&quot;Andromeda&quot;)" storage="/users/maheshpesani 1/documents/mp/projects/github/tailspin-spacegame-web/tailspin.spacegame.web.tests/bin/release/netcoreapp3.1/tailspin.spacegame.web.tests.dll" id="8158b57c-2d66-8b32-96cb-f229ab2b8992">
      <Execution id="2405784b-6aa1-4824-8472-fd82e6903bbf" />
      <TestMethod codeBase="/Users/MaheshPesani 1/Documents/MP/Projects/GitHub/tailspin-spacegame-web/Tailspin.SpaceGame.Web.Tests/bin/Release/netcoreapp3.1/Tailspin.SpaceGame.Web.Tests.dll" adapterTypeName="executor://nunit3testexecutor/" className="Tests.DocumentDBRepository_GetItemsAsyncShould" name="FetchOnlyRequestedGameRegion(&quot;Andromeda&quot;)" />
    </UnitTest>
  </TestDefinitions>
  <TestEntries>
    <TestEntry testId="8158b57c-2d66-8b32-96cb-f229ab2b8992" executionId="2405784b-6aa1-4824-8472-fd82e6903bbf" testListId="8c84fa94-04c1-424b-9868-57a2d4851a1d" />
    <TestEntry testId="e6aa1db8-79bb-5f9e-f506-6e6015603603" executionId="e3c429fd-62d8-4ee1-989b-9c3453508dd9" testListId="8c84fa94-04c1-424b-9868-57a2d4851a1d" />
    <TestEntry testId="dd69ca11-8574-49f6-142c-a0d7db5e68b0" executionId="b3509f0f-225f-47a9-b007-fca08de29f80" testListId="8c84fa94-04c1-424b-9868-57a2d4851a1d" />
    <TestEntry testId="71b55203-9f41-f140-7b8a-b173669f83d5" executionId="232e113d-7d6e-41f4-952a-48b8eb1c4e09" testListId="8c84fa94-04c1-424b-9868-57a2d4851a1d" />
    <TestEntry testId="a665ae80-d9ef-3d21-de02-f9894a2373ef" executionId="88b998cb-1a3a-40d2-8f02-808e98186371" testListId="8c84fa94-04c1-424b-9868-57a2d4851a1d" />
  </TestEntries>
  <TestLists>
    <TestList name="Results Not in a List" id="8c84fa94-04c1-424b-9868-57a2d4851a1d" />
    <TestList name="All Loaded Results" id="19431567-8539-422a-85d7-44ee4e166bda" />
  </TestLists>
  <ResultSummary outcome="Completed">
    <Counters total="5" executed="5" passed="5" failed="0" error="0" timeout="0" aborted="0" inconclusive="0" passedButRunAborted="0" notRunnable="0" notExecuted="0" disconnected="0" warning="0" completed="0" inProgress="0" pending="0" />
    <Output>
      <StdOut>NUnit Adapter 3.10.0.21: Test execution started
Running all tests in /Users/MaheshPesani 1/Documents/MP/Projects/GitHub/tailspin-spacegame-web/Tailspin.SpaceGame.Web.Tests/bin/Release/netcoreapp3.1/Tailspin.SpaceGame.Web.Tests.dll
NUnit3TestExecutor converted 5 of 5 NUnit test cases
NUnit Adapter 3.10.0.21: Test execution complete
</StdOut>
    </Output>
  </ResultSummary>
</TestRun>